[2014-12-09_12:17:53]exe /opt/workspace/executeFile_monitor_path/run_01 ...
[2014-12-09_12:17:53]finish /opt/workspace/executeFile_monitor_path/run_01
[2014-12-09_12:17:53]exe /opt/workspace/executeFile_monitor_path/run_02 ...
[2014-12-09_12:17:53]finish /opt/workspace/executeFile_monitor_path/run_02
[2014-12-09_12:17:53]exe /opt/workspace/executeFile_monitor_path/run_03 ...
[2014-12-09_12:17:53]finish /opt/workspace/executeFile_monitor_path/run_03
[2014-12-09_12:19:05]exe /opt/workspace/executeFile_monitor_path/run_03 ...
[2014-12-09_12:19:05]exe /opt/workspace/executeFile_monitor_path/run_02 ...
[2014-12-09_12:19:05]exe /opt/workspace/executeFile_monitor_path/run_01 ...
[2014-12-09_12:19:05]finish /opt/workspace/executeFile_monitor_path/run_03
[2014-12-09_12:19:05]finish /opt/workspace/executeFile_monitor_path/run_02
[2014-12-09_12:19:05]finish /opt/workspace/executeFile_monitor_path/run_01
[2014-12-09_12:21:48]exe /opt/workspace/executeFile_monitor_path/run_03
[2014-12-09_12:21:48]exe /opt/workspace/executeFile_monitor_path/run_02
[2014-12-09_12:21:48]exe /opt/workspace/executeFile_monitor_path/run_01
[2014-12-09_12:21:48]finish /opt/workspace/executeFile_monitor_path/run_03
[2014-12-09_12:21:48]finish /opt/workspace/executeFile_monitor_path/run_02
[2014-12-09_12:21:48]finish /opt/workspace/executeFile_monitor_path/run_01
[2014-12-09_12:22:11]exe /opt/workspace/executeFile_monitor_path/run_01
[2014-12-09_12:22:11]exe /opt/workspace/executeFile_monitor_path/run_02
[2014-12-09_12:22:11]exe /opt/workspace/executeFile_monitor_path/run_03
[2014-12-09_12:22:11]finish /opt/workspace/executeFile_monitor_path/run_03
[2014-12-09_12:22:11]finish /opt/workspace/executeFile_monitor_path/run_02
[2014-12-09_12:28:14]exe /opt/workspace/executeFile_monitor_path/run_03
[2014-12-09_12:28:14]exe /opt/workspace/executeFile_monitor_path/run_02
[2014-12-09_12:28:14]exe /opt/workspace/executeFile_monitor_path/run_01
[2014-12-09_12:28:14]finish /opt/workspace/executeFile_monitor_path/run_03
[2014-12-09_12:28:14]finish /opt/workspace/executeFile_monitor_path/run_02
[2014-12-09_12:32:47]exe /opt/workspace/executeFile_monitor_path/run_03
[2014-12-09_12:32:47]exe /opt/workspace/executeFile_monitor_path/run_02
[2014-12-09_12:32:47]exe /opt/workspace/executeFile_monitor_path/run_01
[2014-12-09_12:32:47]finish /opt/workspace/executeFile_monitor_path/run_03
[2014-12-09_12:32:47]finish /opt/workspace/executeFile_monitor_path/run_02
[2014-12-09_12:40:47]exe /opt/workspace/executeFile_monitor_path/run_02
[2014-12-09_12:40:47]exe /opt/workspace/executeFile_monitor_path/run_03
[2014-12-09_12:40:47]exe /opt/workspace/executeFile_monitor_path/run_01
[2014-12-09_12:40:47]finish /opt/workspace/executeFile_monitor_path/run_02
[2014-12-09_12:40:47]finish /opt/workspace/executeFile_monitor_path/run_03
[2014-12-09_12:45:15]exe /opt/workspace/executeFile_monitor_path/run_03
[2014-12-09_12:45:15]exe /opt/workspace/executeFile_monitor_path/run_02
[2014-12-09_12:45:15]exe /opt/workspace/executeFile_monitor_path/run_01
[2014-12-09_12:45:15]finish /opt/workspace/executeFile_monitor_path/run_03
[2014-12-09_12:45:15]finish /opt/workspace/executeFile_monitor_path/run_02
[2014-12-09_12:53:10]exe /opt/workspace/executeFile_monitor_path/run_03
[2014-12-09_12:53:10]exe /opt/workspace/executeFile_monitor_path/run_02
[2014-12-09_12:53:10]exe /opt/workspace/executeFile_monitor_path/run_01
[2014-12-09_12:53:10]finish /opt/workspace/executeFile_monitor_path/run_03
[2014-12-09_12:53:10]finish /opt/workspace/executeFile_monitor_path/run_02
[2014-12-09_15:27:00]exe /opt/workspace/executeFile_monitor_path/run_02
[2014-12-09_15:27:00]exe /opt/workspace/executeFile_monitor_path/run_03
[2014-12-09_15:27:00]exe /opt/workspace/executeFile_monitor_path/run_01
[2014-12-09_15:27:00]finish /opt/workspace/executeFile_monitor_path/run_02
[2014-12-09_15:27:00]finish /opt/workspace/executeFile_monitor_path/run_03
[2014-12-09_15:41:32]exe /opt/workspace/executeFile_monitor_path/run_02
[2014-12-09_15:41:32]exe /opt/workspace/executeFile_monitor_path/run_03
[2014-12-09_15:41:32]exe /opt/workspace/executeFile_monitor_path/run_01
[2014-12-09_15:41:32]finish /opt/workspace/executeFile_monitor_path/run_03
[2014-12-09_15:41:32]finish /opt/workspace/executeFile_monitor_path/run_02
[2014-12-09_15:41:32]finish /opt/workspace/executeFile_monitor_path/run_01
[2014-12-09_15:43:36]exe /opt/workspace/executeFile_monitor_path/run_01
[2014-12-09_15:43:36]exe /opt/workspace/executeFile_monitor_path/run_02
[2014-12-09_15:43:36]exe /opt/workspace/executeFile_monitor_path/run_03
[2014-12-09_15:43:36]finish /opt/workspace/executeFile_monitor_path/run_01
[2014-12-09_15:43:36]finish /opt/workspace/executeFile_monitor_path/run_02
[2014-12-09_15:43:36]finish /opt/workspace/executeFile_monitor_path/run_03
[2014-12-09_15:46:13]exe /opt/workspace/executeFile_monitor_path/run_03
[2014-12-09_15:46:13]exe /opt/workspace/executeFile_monitor_path/run_02
[2014-12-09_15:46:13]exe /opt/workspace/executeFile_monitor_path/run_01
[2014-12-09_15:46:13]finish /opt/workspace/executeFile_monitor_path/run_03
[2014-12-09_15:46:13]finish /opt/workspace/executeFile_monitor_path/run_02
[2014-12-09_15:46:13]finish /opt/workspace/executeFile_monitor_path/run_01
[2014-12-09_15:47:33]exe /opt/workspace/executeFile_monitor_path/run_03
[2014-12-09_15:47:33]exe /opt/workspace/executeFile_monitor_path/run_02
[2014-12-09_15:47:33]exe /opt/workspace/executeFile_monitor_path/run_01
[2014-12-09_15:47:33]finish /opt/workspace/executeFile_monitor_path/run_03
[2014-12-09_15:47:33]finish /opt/workspace/executeFile_monitor_path/run_02
[2014-12-09_15:47:33]finish /opt/workspace/executeFile_monitor_path/run_01
[2014-12-09_15:47:39]exe /opt/workspace/executeFile_monitor_path/run_03
[2014-12-09_15:47:39]exe /opt/workspace/executeFile_monitor_path/run_02
[2014-12-09_15:47:39]exe /opt/workspace/executeFile_monitor_path/run_01
[2014-12-09_15:47:39]finish /opt/workspace/executeFile_monitor_path/run_03
[2014-12-09_15:47:39]finish /opt/workspace/executeFile_monitor_path/run_02
[2014-12-09_15:47:39]finish /opt/workspace/executeFile_monitor_path/run_01
[2014-12-09_15:51:53]exe /opt/workspace/executeFile_monitor_path/run_03
[2014-12-09_15:51:53]exe /opt/workspace/executeFile_monitor_path/run_02
[2014-12-09_15:51:53]exe /opt/workspace/executeFile_monitor_path/run_01
[2014-12-09_15:51:53]finish /opt/workspace/executeFile_monitor_path/run_03
[2014-12-09_15:51:53]finish /opt/workspace/executeFile_monitor_path/run_02
[2014-12-09_15:51:53]finish /opt/workspace/executeFile_monitor_path/run_01
[2014-12-09_15:54:35]exe /opt/workspace/executeFile_monitor_path/run_03
[2014-12-09_15:54:35]exe /opt/workspace/executeFile_monitor_path/run_02
[2014-12-09_15:54:35]exe /opt/workspace/executeFile_monitor_path/run_01
[2014-12-09_15:54:35]finish /opt/workspace/executeFile_monitor_path/run_03
[2014-12-09_15:54:35]finish /opt/workspace/executeFile_monitor_path/run_02
[2014-12-09_15:54:35]finish /opt/workspace/executeFile_monitor_path/run_01
[2014-12-09_15:56:49]exe /opt/workspace/executeFile_monitor_path/run_02
[2014-12-09_15:56:49]exe /opt/workspace/executeFile_monitor_path/run_03
[2014-12-09_15:56:49]exe /opt/workspace/executeFile_monitor_path/run_01
[2014-12-09_15:56:49]finish /opt/workspace/executeFile_monitor_path/run_02
[2014-12-09_15:56:49]finish /opt/workspace/executeFile_monitor_path/run_03
[2014-12-09_15:56:49]finish /opt/workspace/executeFile_monitor_path/run_01
[2014-12-09_15:59:36]exe /opt/workspace/executeFile_monitor_path/run_03
[2014-12-09_15:59:36]exe /opt/workspace/executeFile_monitor_path/run_02
[2014-12-09_15:59:36]exe /opt/workspace/executeFile_monitor_path/run_01
[2014-12-09_15:59:36]finish /opt/workspace/executeFile_monitor_path/run_03
[2014-12-09_15:59:36]finish /opt/workspace/executeFile_monitor_path/run_02
[2014-12-09_15:59:36]finish /opt/workspace/executeFile_monitor_path/run_01
[2014-12-09_16:00:18]exe /opt/workspace/executeFile_monitor_path/run_03
[2014-12-09_16:00:18]exe /opt/workspace/executeFile_monitor_path/run_02
[2014-12-09_16:00:18]exe /opt/workspace/executeFile_monitor_path/run_01
[2014-12-09_16:00:18]finish /opt/workspace/executeFile_monitor_path/run_03
[2014-12-09_16:00:18]finish /opt/workspace/executeFile_monitor_path/run_02
[2014-12-09_16:00:18]finish /opt/workspace/executeFile_monitor_path/run_01
[2014-12-09_16:03:52]exe /opt/workspace/executeFile_monitor_path/run_03
[2014-12-09_16:03:52]exe /opt/workspace/executeFile_monitor_path/run_02
[2014-12-09_16:03:52]exe /opt/workspace/executeFile_monitor_path/run_01
[2014-12-09_16:03:52]finish /opt/workspace/executeFile_monitor_path/run_03
[2014-12-09_16:03:52]finish /opt/workspace/executeFile_monitor_path/run_02
[2014-12-09_16:03:52]finish /opt/workspace/executeFile_monitor_path/run_01
[2014-12-09_16:04:28]exe /opt/workspace/executeFile_monitor_path/run_02
[2014-12-09_16:04:28]exe /opt/workspace/executeFile_monitor_path/run_03
[2014-12-09_16:04:28]exe /opt/workspace/executeFile_monitor_path/run_01
[2014-12-09_16:04:28]finish /opt/workspace/executeFile_monitor_path/run_02
[2014-12-09_16:04:28]finish /opt/workspace/executeFile_monitor_path/run_03
[2014-12-09_16:04:28]finish /opt/workspace/executeFile_monitor_path/run_01
[2014-12-09_16:08:16]exe /opt/workspace/executeFile_monitor_path/run_03
[2014-12-09_16:08:16]exe /opt/workspace/executeFile_monitor_path/run_01
[2014-12-09_16:08:16]exe /opt/workspace/executeFile_monitor_path/run_02
[2014-12-09_16:08:16]finish /opt/workspace/executeFile_monitor_path/run_03
[2014-12-09_16:08:16]finish /opt/workspace/executeFile_monitor_path/run_01
[2014-12-09_16:08:16]finish /opt/workspace/executeFile_monitor_path/run_02
[2014-12-09_16:20:59]exe /opt/workspace/executeFile_monitor_path/run_03
[2014-12-09_16:20:59]exe /opt/workspace/executeFile_monitor_path/run_01
[2014-12-09_16:20:59]exe /opt/workspace/executeFile_monitor_path/run_02
[2014-12-09_16:20:59]finish /opt/workspace/executeFile_monitor_path/run_03
[2014-12-09_16:20:59]finish /opt/workspace/executeFile_monitor_path/run_02
[2014-12-09_16:23:10]exe /opt/workspace/executeFile_monitor_path/run_03
[2014-12-09_16:23:10]exe /opt/workspace/executeFile_monitor_path/run_02
[2014-12-09_16:23:10]exe /opt/workspace/executeFile_monitor_path/run_01
[2014-12-09_16:23:10]finish /opt/workspace/executeFile_monitor_path/run_03
[2014-12-09_16:23:10]finish /opt/workspace/executeFile_monitor_path/run_02
[2014-12-09_16:27:17]exe /opt/workspace/executeFile_monitor_path/run_03
[2014-12-09_16:27:17]exe /opt/workspace/executeFile_monitor_path/run_02
[2014-12-09_16:27:17]exe /opt/workspace/executeFile_monitor_path/run_01
[2014-12-09_16:27:17]finish /opt/workspace/executeFile_monitor_path/run_03
[2014-12-09_16:27:17]finish /opt/workspace/executeFile_monitor_path/run_02
[2014-12-09_16:30:12]exe /opt/workspace/executeFile_monitor_path/run_03
[2014-12-09_16:30:12]exe /opt/workspace/executeFile_monitor_path/run_02
[2014-12-09_16:30:12]exe /opt/workspace/executeFile_monitor_path/run_01
[2014-12-09_16:30:12]finish /opt/workspace/executeFile_monitor_path/run_03
[2014-12-09_16:30:12]finish /opt/workspace/executeFile_monitor_path/run_02
[2014-12-09_16:30:12]finish /opt/workspace/executeFile_monitor_path/run_01
[2014-12-09_16:31:21]exe /opt/workspace/executeFile_monitor_path/run_03
[2014-12-09_16:31:21]exe /opt/workspace/executeFile_monitor_path/run_02
[2014-12-09_16:31:21]exe /opt/workspace/executeFile_monitor_path/run_01
[2014-12-09_16:31:21]finish /opt/workspace/executeFile_monitor_path/run_03
[2014-12-09_16:31:21]finish /opt/workspace/executeFile_monitor_path/run_02
[2014-12-09_16:33:33]exe /opt/workspace/executeFile_monitor_path/run_03
[2014-12-09_16:33:33]exe /opt/workspace/executeFile_monitor_path/run_02
[2014-12-09_16:33:33]exe /opt/workspace/executeFile_monitor_path/run_01
[2014-12-09_16:33:33]finish /opt/workspace/executeFile_monitor_path/run_03
[2014-12-09_16:33:33]finish /opt/workspace/executeFile_monitor_path/run_02
[2014-12-09_16:58:29]exe /opt/workspace/executeFile/executeFile_monitor_path/run_03
[2014-12-09_16:58:29]exe /opt/workspace/executeFile/executeFile_monitor_path/run_02
[2014-12-09_16:58:29]exe /opt/workspace/executeFile/executeFile_monitor_path/run_01
[2014-12-09_16:58:29]finish /opt/workspace/executeFile/executeFile_monitor_path/run_03
[2014-12-09_16:58:29]finish /opt/workspace/executeFile/executeFile_monitor_path/run_02
[2014-12-09_16:58:42]exe /opt/workspace/executeFile/executeFile_monitor_path/run_03
[2014-12-09_16:58:42]exe /opt/workspace/executeFile/executeFile_monitor_path/run_02
[2014-12-09_16:58:42]exe /opt/workspace/executeFile/executeFile_monitor_path/run_01
[2014-12-09_16:58:42]finish /opt/workspace/executeFile/executeFile_monitor_path/run_03
[2014-12-09_16:58:42]finish /opt/workspace/executeFile/executeFile_monitor_path/run_02
